<?xml version="1.0" encoding="UTF-8"?>
<testng-results skipped="0" failed="1" total="3" passed="2">
  <reporter-output>
  </reporter-output>
  <suite name="Default suite" duration-ms="14259" started-at="2018-05-18T04:48:26Z" finished-at="2018-05-18T04:48:41Z">
    <groups>
    </groups>
    <test name="Default test" duration-ms="14259" started-at="2018-05-18T04:48:26Z" finished-at="2018-05-18T04:48:41Z">
      <class name="Sutility.LoginTestMe">
        <test-method status="PASS" signature="beforeTest()[pri:0, instance:Sutility.LoginTestMe@5442a311]" name="beforeTest" is-config="true" duration-ms="11076" started-at="2018-05-18T10:18:26Z" finished-at="2018-05-18T10:18:37Z">
          <reporter-output>
          </reporter-output>
        </test-method> <!-- beforeTest -->
        <test-method status="PASS" signature="test1(java.lang.String, java.lang.String)[pri:0, instance:Sutility.LoginTestMe@5442a311]" name="test1" duration-ms="329" started-at="2018-05-18T10:18:38Z" data-provider="TestData" finished-at="2018-05-18T10:18:39Z">
          <params>
            <param index="0">
              <value>
                <![CDATA[Lalitha]]>
              </value>
            </param>
            <param index="1">
              <value>
                <![CDATA[Password123]]>
              </value>
            </param>
          </params>
          <reporter-output>
          </reporter-output>
        </test-method> <!-- test1 -->
        <test-method status="FAIL" signature="select_category()[pri:2, instance:Sutility.LoginTestMe@5442a311]" name="select_category" duration-ms="1057" started-at="2018-05-18T10:18:39Z" finished-at="2018-05-18T10:18:40Z">
          <exception class="junit.framework.ComparisonFailure">
            <message>
              <![CDATA[expected:<Home> but was:<Search>]]>
            </message>
            <full-stacktrace>
              <![CDATA[junit.framework.ComparisonFailure: expected:<Home> but was:<Search>
	at junit.framework.Assert.assertEquals(Assert.java:81)
	at junit.framework.Assert.assertEquals(Assert.java:87)
	at Sutility.LoginTestMe.select_category(LoginTestMe.java:73)
	at sun.reflect.NativeMethodAccessorImpl.invoke0(Native Method)
	at sun.reflect.NativeMethodAccessorImpl.invoke(Unknown Source)
	at sun.reflect.DelegatingMethodAccessorImpl.invoke(Unknown Source)
	at java.lang.reflect.Method.invoke(Unknown Source)
	at org.testng.internal.MethodInvocationHelper.invokeMethod(MethodInvocationHelper.java:85)
	at org.testng.internal.Invoker.invokeMethod(Invoker.java:639)
	at org.testng.internal.Invoker.invokeTestMethod(Invoker.java:816)
	at org.testng.internal.Invoker.invokeTestMethods(Invoker.java:1124)
	at org.testng.internal.TestMethodWorker.invokeTestMethods(TestMethodWorker.java:125)
	at org.testng.internal.TestMethodWorker.run(TestMethodWorker.java:108)
	at org.testng.TestRunner.privateRun(TestRunner.java:774)
	at org.testng.TestRunner.run(TestRunner.java:624)
	at org.testng.SuiteRunner.runTest(SuiteRunner.java:359)
	at org.testng.SuiteRunner.runSequentially(SuiteRunner.java:354)
	at org.testng.SuiteRunner.privateRun(SuiteRunner.java:312)
	at org.testng.SuiteRunner.run(SuiteRunner.java:261)
	at org.testng.SuiteRunnerWorker.runSuite(SuiteRunnerWorker.java:52)
	at org.testng.SuiteRunnerWorker.run(SuiteRunnerWorker.java:86)
	at org.testng.TestNG.runSuitesSequentially(TestNG.java:1215)
	at org.testng.TestNG.runSuitesLocally(TestNG.java:1140)
	at org.testng.TestNG.run(TestNG.java:1048)
	at org.testng.remote.AbstractRemoteTestNG.run(AbstractRemoteTestNG.java:114)
	at org.testng.remote.RemoteTestNG.initAndRun(RemoteTestNG.java:251)
	at org.testng.remote.RemoteTestNG.main(RemoteTestNG.java:77)
]]>
            </full-stacktrace>
          </exception> <!-- junit.framework.ComparisonFailure -->
          <reporter-output>
          </reporter-output>
        </test-method> <!-- select_category -->
        <test-method status="PASS" signature="select_product()[pri:3, instance:Sutility.LoginTestMe@5442a311]" name="select_product" duration-ms="841" started-at="2018-05-18T10:18:40Z" finished-at="2018-05-18T10:18:41Z">
          <reporter-output>
          </reporter-output>
        </test-method> <!-- select_product -->
      </class> <!-- Sutility.LoginTestMe -->
    </test> <!-- Default test -->
  </suite> <!-- Default suite -->
</testng-results>
